[2020-11-06 20:45:27.703] [sharedprocess] [info] main {"machineId":"cfd2eba2d7bb46b15a7720b7cf4668a388f2444a35ff223060469dac39e10544","windowId":2}
[2020-11-06 20:45:29.962] [sharedprocess] [info] Installing extension: arcticicestudio.nord-visual-studio-code
[2020-11-06 20:45:30.705] [sharedprocess] [info] Downloaded extension: arcticicestudio.nord-visual-studio-code undefined
[2020-11-06 20:45:30.833] [sharedprocess] [info] Extracted extension to /home/cammy/.vscode/extensions/.arcticicestudio.nord-visual-studio-code-0.15.0: arcticicestudio.nord-visual-studio-code
[2020-11-06 20:45:30.834] [sharedprocess] [info] Renamed to /home/cammy/.vscode/extensions/arcticicestudio.nord-visual-studio-code-0.15.0
[2020-11-06 20:45:30.835] [sharedprocess] [info] Installation completed. arcticicestudio.nord-visual-studio-code
[2020-11-06 20:45:31.095] [sharedprocess] [info] Extensions installed successfully: arcticicestudio.nord-visual-studio-code
[2020-11-06 20:45:34.065] [sharedprocess] [info] Installing extension: monokai.theme-monokai-pro-vscode
[2020-11-06 20:45:35.222] [sharedprocess] [info] Downloaded extension: monokai.theme-monokai-pro-vscode undefined
[2020-11-06 20:45:35.372] [sharedprocess] [info] Extracted extension to /home/cammy/.vscode/extensions/.monokai.theme-monokai-pro-vscode-1.1.17: monokai.theme-monokai-pro-vscode
[2020-11-06 20:45:35.373] [sharedprocess] [info] Renamed to /home/cammy/.vscode/extensions/monokai.theme-monokai-pro-vscode-1.1.17
[2020-11-06 20:45:35.374] [sharedprocess] [info] Installation completed. monokai.theme-monokai-pro-vscode
[2020-11-06 20:45:35.457] [sharedprocess] [info] Extensions installed successfully: monokai.theme-monokai-pro-vscode
[2020-11-06 20:46:07.738] [sharedprocess] [info] Starting to clean up unused language packs.
[2020-11-06 21:27:36.114] [sharedprocess] [info] Installing extension: zhuangtongfa.material-theme
[2020-11-06 21:27:37.623] [sharedprocess] [info] Downloaded extension: zhuangtongfa.material-theme undefined
[2020-11-06 21:27:37.948] [sharedprocess] [info] Extracted extension to /home/cammy/.vscode/extensions/.zhuangtongfa.material-theme-3.9.3: zhuangtongfa.material-theme
[2020-11-06 21:27:37.948] [sharedprocess] [info] Renamed to /home/cammy/.vscode/extensions/zhuangtongfa.material-theme-3.9.3
[2020-11-06 21:27:37.950] [sharedprocess] [info] Installation completed. zhuangtongfa.material-theme
[2020-11-06 21:27:38.316] [sharedprocess] [info] Extensions installed successfully: zhuangtongfa.material-theme
