[2020-11-06 20:45:27.782] [userDataSync] [info] Using settings sync service https://vscode-sync.trafficmanager.net/
[2020-11-06 20:45:27.782] [userDataSync] [info] Auto Sync is enabled.
[2020-11-06 20:45:27.782] [userDataSync] [info] Auto Sync: Suspended until auth token is available.
[2020-11-06 20:45:41.621] [userDataSync] [info] Auto Sync: Started
[2020-11-06 20:45:41.622] [userDataSync] [info] Auto Sync: Triggered by Interval
[2020-11-06 20:45:42.642] [userDataSync] [info] Settings: No changes found during synchronizing settings.
[2020-11-06 20:45:42.720] [userDataSync] [info] Keybindings: No changes found during synchronizing keybindings.
[2020-11-06 20:45:42.763] [userDataSync] [info] Snippets: No changes found during synchronizing snippets.
[2020-11-06 20:45:43.087] [userDataSync] [info] GlobalState: Updated remote ui state
[2020-11-06 20:45:43.205] [userDataSync] [info] GlobalState: Updated last synchronized ui state
[2020-11-06 20:45:43.501] [userDataSync] [info] Extensions: Updated remote extensions
[2020-11-06 20:45:43.529] [userDataSync] [info] Extensions: Updated last synchronized extensions
[2020-11-06 20:45:43.532] [userDataSync] [info] Sync done. Took 1113ms
[2020-11-06 20:45:43.533] [userDataSync] [info] Auto Sync: Triggered by Activity
[2020-11-06 20:45:43.640] [userDataSync] [info] Settings: No changes found during synchronizing settings.
[2020-11-06 20:45:43.642] [userDataSync] [info] Keybindings: No changes found during synchronizing keybindings.
[2020-11-06 20:45:43.647] [userDataSync] [info] Snippets: No changes found during synchronizing snippets.
[2020-11-06 20:45:43.653] [userDataSync] [info] GlobalState: No changes found during synchronizing ui state.
[2020-11-06 20:45:43.760] [userDataSync] [info] Extensions: No changes found during synchronizing extensions.
[2020-11-06 20:45:43.761] [userDataSync] [info] Sync done. Took 127ms
[2020-11-06 20:46:00.767] [userDataSync] [info] Auto Sync: Triggered by Activity
[2020-11-06 20:46:01.261] [userDataSync] [info] Settings: Updated remote settings
[2020-11-06 20:46:01.302] [userDataSync] [info] Settings: Updated last synchronized settings
[2020-11-06 20:46:01.305] [userDataSync] [info] Keybindings: No changes found during synchronizing keybindings.
[2020-11-06 20:46:01.307] [userDataSync] [info] Snippets: No changes found during synchronizing snippets.
[2020-11-06 20:46:01.312] [userDataSync] [info] GlobalState: No changes found during synchronizing ui state.
[2020-11-06 20:46:01.386] [userDataSync] [info] Extensions: No changes found during synchronizing extensions.
[2020-11-06 20:46:01.387] [userDataSync] [info] Sync done. Took 524ms
[2020-11-06 20:49:49.183] [userDataSync] [info] Auto Sync: Triggered by Activity
[2020-11-06 20:49:49.753] [userDataSync] [info] Settings: No changes found during synchronizing settings.
[2020-11-06 20:49:49.756] [userDataSync] [info] Keybindings: No changes found during synchronizing keybindings.
[2020-11-06 20:49:49.759] [userDataSync] [info] Snippets: No changes found during synchronizing snippets.
[2020-11-06 20:49:49.772] [userDataSync] [info] GlobalState: No changes found during synchronizing ui state.
[2020-11-06 20:49:49.872] [userDataSync] [info] Extensions: No changes found during synchronizing extensions.
[2020-11-06 20:49:49.873] [userDataSync] [info] Sync done. Took 126ms
[2020-11-06 20:50:37.601] [userDataSync] [info] Auto Sync: Triggered by Activity
[2020-11-06 20:50:37.716] [userDataSync] [info] Settings: No changes found during synchronizing settings.
[2020-11-06 20:50:37.719] [userDataSync] [info] Keybindings: No changes found during synchronizing keybindings.
[2020-11-06 20:50:37.721] [userDataSync] [info] Snippets: No changes found during synchronizing snippets.
[2020-11-06 20:50:37.728] [userDataSync] [info] GlobalState: No changes found during synchronizing ui state.
[2020-11-06 20:50:37.803] [userDataSync] [info] Extensions: No changes found during synchronizing extensions.
[2020-11-06 20:50:37.804] [userDataSync] [info] Sync done. Took 93ms
[2020-11-06 20:50:53.044] [userDataSync] [info] Auto Sync: Triggered by Activity
[2020-11-06 20:50:53.145] [userDataSync] [info] Settings: No changes found during synchronizing settings.
[2020-11-06 20:50:53.148] [userDataSync] [info] Keybindings: No changes found during synchronizing keybindings.
[2020-11-06 20:50:53.151] [userDataSync] [info] Snippets: No changes found during synchronizing snippets.
[2020-11-06 20:50:53.159] [userDataSync] [info] GlobalState: No changes found during synchronizing ui state.
[2020-11-06 20:50:53.355] [userDataSync] [info] Extensions: No changes found during synchronizing extensions.
[2020-11-06 20:50:53.356] [userDataSync] [info] Sync done. Took 216ms
[2020-11-06 20:52:35.792] [userDataSync] [info] Auto Sync: Triggered by Activity
[2020-11-06 20:52:35.896] [userDataSync] [info] Settings: No changes found during synchronizing settings.
[2020-11-06 20:52:35.899] [userDataSync] [info] Keybindings: No changes found during synchronizing keybindings.
[2020-11-06 20:52:35.903] [userDataSync] [info] Snippets: No changes found during synchronizing snippets.
[2020-11-06 20:52:35.914] [userDataSync] [info] GlobalState: No changes found during synchronizing ui state.
[2020-11-06 20:52:36.114] [userDataSync] [info] Extensions: No changes found during synchronizing extensions.
[2020-11-06 20:52:36.115] [userDataSync] [info] Sync done. Took 224ms
[2020-11-06 20:53:33.879] [userDataSync] [info] Auto Sync: Triggered by Activity
[2020-11-06 20:53:33.986] [userDataSync] [info] Settings: No changes found during synchronizing settings.
[2020-11-06 20:53:33.989] [userDataSync] [info] Keybindings: No changes found during synchronizing keybindings.
[2020-11-06 20:53:33.992] [userDataSync] [info] Snippets: No changes found during synchronizing snippets.
[2020-11-06 20:53:34.000] [userDataSync] [info] GlobalState: No changes found during synchronizing ui state.
[2020-11-06 20:53:34.190] [userDataSync] [info] Extensions: No changes found during synchronizing extensions.
[2020-11-06 20:53:34.191] [userDataSync] [info] Sync done. Took 211ms
[2020-11-06 20:58:34.192] [userDataSync] [info] Auto Sync: Triggered by Interval
[2020-11-06 20:58:34.723] [userDataSync] [info] Settings: No changes found during synchronizing settings.
[2020-11-06 20:58:34.728] [userDataSync] [info] Keybindings: No changes found during synchronizing keybindings.
[2020-11-06 20:58:34.731] [userDataSync] [info] Snippets: No changes found during synchronizing snippets.
[2020-11-06 20:58:34.738] [userDataSync] [info] GlobalState: No changes found during synchronizing ui state.
[2020-11-06 20:58:34.865] [userDataSync] [info] Extensions: No changes found during synchronizing extensions.
[2020-11-06 20:58:34.866] [userDataSync] [info] Sync done. Took 149ms
[2020-11-06 21:03:34.866] [userDataSync] [info] Auto Sync: Triggered by Interval
[2020-11-06 21:03:35.249] [userDataSync] [info] Settings: No changes found during synchronizing settings.
[2020-11-06 21:03:35.251] [userDataSync] [info] Keybindings: No changes found during synchronizing keybindings.
[2020-11-06 21:03:35.255] [userDataSync] [info] Snippets: No changes found during synchronizing snippets.
[2020-11-06 21:03:35.261] [userDataSync] [info] GlobalState: No changes found during synchronizing ui state.
[2020-11-06 21:03:35.347] [userDataSync] [info] Extensions: No changes found during synchronizing extensions.
[2020-11-06 21:03:35.347] [userDataSync] [info] Sync done. Took 103ms
[2020-11-06 21:08:35.348] [userDataSync] [info] Auto Sync: Triggered by Interval
[2020-11-06 21:08:35.831] [userDataSync] [info] Settings: No changes found during synchronizing settings.
[2020-11-06 21:08:35.834] [userDataSync] [info] Keybindings: No changes found during synchronizing keybindings.
[2020-11-06 21:08:35.838] [userDataSync] [info] Snippets: No changes found during synchronizing snippets.
[2020-11-06 21:08:35.847] [userDataSync] [info] GlobalState: No changes found during synchronizing ui state.
[2020-11-06 21:08:35.992] [userDataSync] [info] Extensions: No changes found during synchronizing extensions.
[2020-11-06 21:08:35.993] [userDataSync] [info] Sync done. Took 164ms
[2020-11-06 21:13:35.993] [userDataSync] [info] Auto Sync: Triggered by Interval
[2020-11-06 21:13:36.399] [userDataSync] [info] Settings: No changes found during synchronizing settings.
[2020-11-06 21:13:36.402] [userDataSync] [info] Keybindings: No changes found during synchronizing keybindings.
[2020-11-06 21:13:36.406] [userDataSync] [info] Snippets: No changes found during synchronizing snippets.
[2020-11-06 21:13:36.414] [userDataSync] [info] GlobalState: No changes found during synchronizing ui state.
[2020-11-06 21:13:36.535] [userDataSync] [info] Extensions: No changes found during synchronizing extensions.
[2020-11-06 21:13:36.538] [userDataSync] [info] Sync done. Took 143ms
[2020-11-06 21:18:36.539] [userDataSync] [info] Auto Sync: Triggered by Interval
[2020-11-06 21:18:36.954] [userDataSync] [info] Settings: No changes found during synchronizing settings.
[2020-11-06 21:18:36.957] [userDataSync] [info] Keybindings: No changes found during synchronizing keybindings.
[2020-11-06 21:18:36.960] [userDataSync] [info] Snippets: No changes found during synchronizing snippets.
[2020-11-06 21:18:36.968] [userDataSync] [info] GlobalState: No changes found during synchronizing ui state.
[2020-11-06 21:18:37.096] [userDataSync] [info] Extensions: No changes found during synchronizing extensions.
[2020-11-06 21:18:37.097] [userDataSync] [info] Sync done. Took 151ms
[2020-11-06 21:23:37.098] [userDataSync] [info] Auto Sync: Triggered by Interval
[2020-11-06 21:23:37.486] [userDataSync] [info] Settings: No changes found during synchronizing settings.
[2020-11-06 21:23:37.489] [userDataSync] [info] Keybindings: No changes found during synchronizing keybindings.
[2020-11-06 21:23:37.492] [userDataSync] [info] Snippets: No changes found during synchronizing snippets.
[2020-11-06 21:23:37.500] [userDataSync] [info] GlobalState: No changes found during synchronizing ui state.
[2020-11-06 21:23:37.629] [userDataSync] [info] Extensions: No changes found during synchronizing extensions.
[2020-11-06 21:23:37.629] [userDataSync] [info] Sync done. Took 147ms
[2020-11-06 21:26:41.366] [userDataSync] [info] Auto Sync: Triggered by Activity
[2020-11-06 21:26:41.859] [userDataSync] [info] Settings: No changes found during synchronizing settings.
[2020-11-06 21:26:41.862] [userDataSync] [info] Keybindings: No changes found during synchronizing keybindings.
[2020-11-06 21:26:41.865] [userDataSync] [info] Snippets: No changes found during synchronizing snippets.
[2020-11-06 21:26:41.873] [userDataSync] [info] GlobalState: No changes found during synchronizing ui state.
[2020-11-06 21:26:42.028] [userDataSync] [info] Extensions: No changes found during synchronizing extensions.
[2020-11-06 21:26:42.029] [userDataSync] [info] Sync done. Took 176ms
[2020-11-06 21:27:23.792] [userDataSync] [info] Auto Sync: Triggered by Activity
[2020-11-06 21:27:23.896] [userDataSync] [info] Settings: No changes found during synchronizing settings.
[2020-11-06 21:27:23.900] [userDataSync] [info] Keybindings: No changes found during synchronizing keybindings.
[2020-11-06 21:27:23.903] [userDataSync] [info] Snippets: No changes found during synchronizing snippets.
[2020-11-06 21:27:23.909] [userDataSync] [info] GlobalState: No changes found during synchronizing ui state.
[2020-11-06 21:27:23.976] [userDataSync] [info] Extensions: No changes found during synchronizing extensions.
[2020-11-06 21:27:23.977] [userDataSync] [info] Sync done. Took 84ms
[2020-11-06 21:27:41.315] [userDataSync] [info] Auto Sync: Triggered by Activity
[2020-11-06 21:27:41.462] [userDataSync] [info] Settings: No changes found during synchronizing settings.
[2020-11-06 21:27:41.465] [userDataSync] [info] Keybindings: No changes found during synchronizing keybindings.
[2020-11-06 21:27:41.469] [userDataSync] [info] Snippets: No changes found during synchronizing snippets.
[2020-11-06 21:27:41.478] [userDataSync] [info] GlobalState: No changes found during synchronizing ui state.
[2020-11-06 21:27:41.828] [userDataSync] [info] Extensions: Updated remote extensions
[2020-11-06 21:27:41.864] [userDataSync] [info] Extensions: Updated last synchronized extensions
[2020-11-06 21:27:41.867] [userDataSync] [info] Sync done. Took 422ms
[2020-11-06 21:32:41.867] [userDataSync] [info] Auto Sync: Triggered by Interval
[2020-11-06 21:32:42.476] [userDataSync] [info] Settings: No changes found during synchronizing settings.
[2020-11-06 21:32:42.478] [userDataSync] [info] Keybindings: No changes found during synchronizing keybindings.
[2020-11-06 21:32:42.480] [userDataSync] [info] Snippets: No changes found during synchronizing snippets.
[2020-11-06 21:32:42.489] [userDataSync] [info] GlobalState: No changes found during synchronizing ui state.
[2020-11-06 21:32:42.566] [userDataSync] [info] Extensions: No changes found during synchronizing extensions.
[2020-11-06 21:32:42.567] [userDataSync] [info] Sync done. Took 94ms
[2020-11-06 21:37:42.568] [userDataSync] [info] Auto Sync: Triggered by Interval
[2020-11-06 21:37:43.058] [userDataSync] [info] Settings: No changes found during synchronizing settings.
[2020-11-06 21:37:43.062] [userDataSync] [info] Keybindings: No changes found during synchronizing keybindings.
[2020-11-06 21:37:43.064] [userDataSync] [info] Snippets: No changes found during synchronizing snippets.
[2020-11-06 21:37:43.072] [userDataSync] [info] GlobalState: No changes found during synchronizing ui state.
[2020-11-06 21:37:43.271] [userDataSync] [info] Extensions: No changes found during synchronizing extensions.
[2020-11-06 21:37:43.271] [userDataSync] [info] Sync done. Took 217ms
[2020-11-06 21:42:43.273] [userDataSync] [info] Auto Sync: Triggered by Interval
[2020-11-06 21:42:43.805] [userDataSync] [info] Settings: No changes found during synchronizing settings.
[2020-11-06 21:42:43.808] [userDataSync] [info] Keybindings: No changes found during synchronizing keybindings.
[2020-11-06 21:42:43.811] [userDataSync] [info] Snippets: No changes found during synchronizing snippets.
[2020-11-06 21:42:43.819] [userDataSync] [info] GlobalState: No changes found during synchronizing ui state.
[2020-11-06 21:42:43.994] [userDataSync] [info] Extensions: No changes found during synchronizing extensions.
[2020-11-06 21:42:43.994] [userDataSync] [info] Sync done. Took 193ms
[2020-11-06 21:47:43.995] [userDataSync] [info] Auto Sync: Triggered by Interval
[2020-11-06 21:47:44.597] [userDataSync] [info] Settings: No changes found during synchronizing settings.
[2020-11-06 21:47:44.599] [userDataSync] [info] Keybindings: No changes found during synchronizing keybindings.
[2020-11-06 21:47:44.602] [userDataSync] [info] Snippets: No changes found during synchronizing snippets.
[2020-11-06 21:47:44.608] [userDataSync] [info] GlobalState: No changes found during synchronizing ui state.
[2020-11-06 21:47:44.710] [userDataSync] [info] Extensions: No changes found during synchronizing extensions.
[2020-11-06 21:47:44.710] [userDataSync] [info] Sync done. Took 117ms
[2020-11-06 21:52:44.711] [userDataSync] [info] Auto Sync: Triggered by Interval
[2020-11-06 21:52:45.108] [userDataSync] [info] Settings: No changes found during synchronizing settings.
[2020-11-06 21:52:45.110] [userDataSync] [info] Keybindings: No changes found during synchronizing keybindings.
[2020-11-06 21:52:45.113] [userDataSync] [info] Snippets: No changes found during synchronizing snippets.
[2020-11-06 21:52:45.120] [userDataSync] [info] GlobalState: No changes found during synchronizing ui state.
[2020-11-06 21:52:45.341] [userDataSync] [info] Extensions: No changes found during synchronizing extensions.
[2020-11-06 21:52:45.342] [userDataSync] [info] Sync done. Took 238ms
[2020-11-06 21:57:45.343] [userDataSync] [info] Auto Sync: Triggered by Interval
[2020-11-06 21:57:45.887] [userDataSync] [info] Settings: No changes found during synchronizing settings.
[2020-11-06 21:57:45.890] [userDataSync] [info] Keybindings: No changes found during synchronizing keybindings.
[2020-11-06 21:57:45.893] [userDataSync] [info] Snippets: No changes found during synchronizing snippets.
[2020-11-06 21:57:45.901] [userDataSync] [info] GlobalState: No changes found during synchronizing ui state.
[2020-11-06 21:57:46.082] [userDataSync] [info] Extensions: No changes found during synchronizing extensions.
[2020-11-06 21:57:46.083] [userDataSync] [info] Sync done. Took 198ms
[2020-11-06 22:01:52.841] [userDataSync] [info] Auto Sync: Stopped
