[2019-12-22 19:11:42.258] [sharedprocess] [info] main {"machineId":"cfd2eba2d7bb46b15a7720b7cf4668a388f2444a35ff223060469dac39e10544","windowId":2}
[2019-12-22 19:11:55.777] [sharedprocess] [info] Installing extension: alvesvaren.arc-dark
[2019-12-22 19:11:56.526] [sharedprocess] [info] Downloaded extension: alvesvaren.arc-dark /tmp/96cc12b8-abcf-413f-91c2-44a26385c3e3
[2019-12-22 19:11:56.559] [sharedprocess] [info] Extracted extension to /home/cammy/.vscode/extensions/.alvesvaren.arc-dark-0.4.0: alvesvaren.arc-dark
[2019-12-22 19:11:56.560] [sharedprocess] [info] Renamed to /home/cammy/.vscode/extensions/alvesvaren.arc-dark-0.4.0
[2019-12-22 19:11:56.560] [sharedprocess] [info] Installation completed. alvesvaren.arc-dark
[2019-12-22 19:11:56.592] [sharedprocess] [info] Extensions installed successfully: alvesvaren.arc-dark
[2019-12-22 19:12:22.248] [sharedprocess] [info] Starting to clean up unused language packs.
[2019-12-22 19:12:22.940] [sharedprocess] [info] Installing extension: icrawl.discord-vscode
[2019-12-22 19:12:23.405] [sharedprocess] [info] Downloaded extension: icrawl.discord-vscode /tmp/fe2cce81-58a6-4216-a7d2-b9819167bb53
[2019-12-22 19:12:23.425] [sharedprocess] [info] Extracted extension to /home/cammy/.vscode/extensions/.icrawl.discord-vscode-3.13.0: icrawl.discord-vscode
[2019-12-22 19:12:23.425] [sharedprocess] [info] Renamed to /home/cammy/.vscode/extensions/icrawl.discord-vscode-3.13.0
[2019-12-22 19:12:23.426] [sharedprocess] [info] Installation completed. icrawl.discord-vscode
[2019-12-22 19:12:23.471] [sharedprocess] [info] Extensions installed successfully: icrawl.discord-vscode
[2019-12-22 19:14:18.800] [sharedprocess] [info] main {"machineId":"cfd2eba2d7bb46b15a7720b7cf4668a388f2444a35ff223060469dac39e10544","windowId":2}
[2019-12-22 19:14:43.577] [sharedprocess] [info] main {"machineId":"cfd2eba2d7bb46b15a7720b7cf4668a388f2444a35ff223060469dac39e10544","windowId":2}
[2019-12-22 19:15:23.586] [sharedprocess] [info] Starting to clean up unused language packs.
[2019-12-22 19:15:51.101] [sharedprocess] [info] Installing extension: kamikillerto.vscode-colorize
[2019-12-22 19:15:58.943] [sharedprocess] [info] Downloaded extension: kamikillerto.vscode-colorize /tmp/1e06dd5c-40e3-4c3e-9fc2-4d0c9e1863e6
[2019-12-22 19:15:59.224] [sharedprocess] [info] Extracted extension to /home/cammy/.vscode/extensions/.kamikillerto.vscode-colorize-0.8.15: kamikillerto.vscode-colorize
[2019-12-22 19:15:59.224] [sharedprocess] [info] Renamed to /home/cammy/.vscode/extensions/kamikillerto.vscode-colorize-0.8.15
[2019-12-22 19:15:59.228] [sharedprocess] [info] Installation completed. kamikillerto.vscode-colorize
[2019-12-22 19:15:59.300] [sharedprocess] [info] Extensions installed successfully: kamikillerto.vscode-colorize
