Looking for git in: git
Using git 2.27.0 from git
> git rev-parse --git-dir
Open repository: /home/cammy/dotfiles
> git status -z -u
> git check-ignore -v -z --stdin
> git symbolic-ref --short HEAD
> git rev-parse master
> git rev-parse --symbolic-full-name master@{u}
> git rev-list --left-right master...refs/remotes/origin/master
> git for-each-ref --sort -committerdate --format %(refname) %(objectname)
> git remote --verbose
> git config --get commit.template
> git show --textconv :.Xresources
> git ls-files --stage -- /home/cammy/dotfiles/.Xresources
> git cat-file -s d29523a36b21ddd6ce7a778b52a46b56f21e7653
> git show --textconv :.Xresources
> git ls-files --stage -- /home/cammy/dotfiles/.Xresources
> git cat-file -s d29523a36b21ddd6ce7a778b52a46b56f21e7653
> git config --local branch.master.github-pr-owner-number
> git config --local branch.master.github-pr-owner-number
> git show --textconv :.Xresources
> git ls-files --stage -- /home/cammy/dotfiles/.Xresources
> git cat-file -s d29523a36b21ddd6ce7a778b52a46b56f21e7653
> git log --format=%H%n%aN%n%aE%n%at%n%ct%n%P%n%B -z -n21 -- /home/cammy/dotfiles/.Xresources
> git show --textconv :.directory
> git ls-files --stage -- /home/cammy/dotfiles/.directory
> git cat-file -s 284c58a517eff0197ec69438e26084e2ea67a555
> git show --textconv :.dircolors_256
> git ls-files --stage -- /home/cammy/dotfiles/.dircolors_256
> git cat-file -s 3dddf58cc647f0243723700bad93bf34c008985d
> git show --textconv :.xinitrc
> git ls-files --stage -- /home/cammy/dotfiles/.xinitrc
> git cat-file -s f88d610cb168af77e2a87a728a51fb5d91df0d6c
> git show --textconv :.vimrc
> git ls-files --stage -- /home/cammy/dotfiles/.vimrc
> git cat-file -s 31f255b2b444256c8cce6133b445d6e71675f98a
> git status -z -u
> git symbolic-ref --short HEAD
> git rev-parse master
> git rev-parse --symbolic-full-name master@{u}
> git rev-list --left-right master...refs/remotes/origin/master
> git for-each-ref --sort -committerdate --format %(refname) %(objectname)
> git remote --verbose
> git config --get commit.template
> git show --textconv :.Xresources
> git ls-files --stage -- /home/cammy/dotfiles/.Xresources
> git cat-file -s d29523a36b21ddd6ce7a778b52a46b56f21e7653
> git show --textconv :.vimrc
> git ls-files --stage -- /home/cammy/dotfiles/.vimrc
> git cat-file -s 31f255b2b444256c8cce6133b445d6e71675f98a
> git show --textconv :.tmux.conf
> git ls-files --stage -- /home/cammy/dotfiles/.tmux.conf
> git cat-file -s 465c47a6b77160e405936a90d2808d23f9d17766
> git show --textconv :.tmux.conf
> git ls-files --stage -- /home/cammy/dotfiles/.tmux.conf
> git cat-file -s 465c47a6b77160e405936a90d2808d23f9d17766
> git show --textconv :.tmux.conf
> git ls-files --stage -- /home/cammy/dotfiles/.tmux.conf
> git cat-file -s 465c47a6b77160e405936a90d2808d23f9d17766
> git show --textconv :.tmux.conf
> git ls-files --stage -- /home/cammy/dotfiles/.tmux.conf
> git cat-file -s 465c47a6b77160e405936a90d2808d23f9d17766
> git status -z -u
> git symbolic-ref --short HEAD
> git rev-parse master
> git rev-parse --symbolic-full-name master@{u}
> git rev-list --left-right master...refs/remotes/origin/master
> git for-each-ref --sort -committerdate --format %(refname) %(objectname)
> git remote --verbose
> git config --get commit.template
> git show --textconv :.vimrc
> git ls-files --stage -- /home/cammy/dotfiles/.vimrc
> git cat-file -s 31f255b2b444256c8cce6133b445d6e71675f98a
> git show --textconv :.vimrc
> git ls-files --stage -- /home/cammy/dotfiles/.vimrc
> git cat-file -s 31f255b2b444256c8cce6133b445d6e71675f98a
> git show --textconv :.vimrc
> git ls-files --stage -- /home/cammy/dotfiles/.vimrc
> git cat-file -s 31f255b2b444256c8cce6133b445d6e71675f98a
> git status -z -u
> git symbolic-ref --short HEAD
> git rev-parse master
> git rev-parse --symbolic-full-name master@{u}
> git rev-list --left-right master...refs/remotes/origin/master
> git for-each-ref --sort -committerdate --format %(refname) %(objectname)
> git remote --verbose
> git config --get commit.template
> git pull --tags origin master
warning: Hacer un pull sin especificar cómo reconciliar las ramas es poco
recomendable. Puedes eliminar este mensaje usando uno de los
siguientes comandos antes de tu siguiente pull:

  git config pull.rebase false  # hacer merge (estrategia por defecto)
  git config pull.rebase true   # aplicar rebase
  git config pull.ff only       # aplicar solo fast-forward

Puedes reemplazar "git config" con "git config --global" para aplicar
la preferencia en todos los repositorios. Puedes también pasar --rebase,
--no-rebase, o --ff-only en el comando para sobreescribir la configuración
por defecto en cada invocación.

Desde https://github.com/tamagonocammy/dotfiles
 * branch            master     -> FETCH_HEAD
> git status -z -u
> git symbolic-ref --short HEAD
> git rev-parse master
> git rev-parse --symbolic-full-name master@{u}
> git rev-list --left-right master...refs/remotes/origin/master
> git for-each-ref --sort -committerdate --format %(refname) %(objectname)
> git remote --verbose
> git config --get commit.template
> git ls-files --stage -- /home/cammy/dotfiles/.vimrc
> git cat-file -s 31f255b2b444256c8cce6133b445d6e71675f98a
> git show --textconv :.vimrc
> git status -z -u
> git symbolic-ref --short HEAD
> git rev-parse master
> git rev-parse --symbolic-full-name master@{u}
> git rev-list --left-right master...refs/remotes/origin/master
> git for-each-ref --sort -committerdate --format %(refname) %(objectname)
> git remote --verbose
> git config --get commit.template
> git fetch
> git status -z -u
> git symbolic-ref --short HEAD
> git rev-parse master
> git rev-parse --symbolic-full-name master@{u}
> git rev-list --left-right master...refs/remotes/origin/master
> git for-each-ref --sort -committerdate --format %(refname) %(objectname)
> git remote --verbose
> git config --get commit.template
> git ls-files --stage -- /home/cammy/dotfiles/.vimrc
> git cat-file -s 31f255b2b444256c8cce6133b445d6e71675f98a
> git show --textconv :.vimrc
> git status -z -u
> git symbolic-ref --short HEAD
> git rev-parse master
> git rev-parse --symbolic-full-name master@{u}
> git rev-list --left-right master...refs/remotes/origin/master
> git for-each-ref --sort -committerdate --format %(refname) %(objectname)
> git remote --verbose
> git config --get commit.template
> git add -A -- .
> git commit --quiet --allow-empty-message --file -
> git status -z -u
> git symbolic-ref --short HEAD
> git rev-parse master
> git rev-parse --symbolic-full-name master@{u}
> git rev-list --left-right master...refs/remotes/origin/master
> git for-each-ref --sort -committerdate --format %(refname) %(objectname)
> git remote --verbose
> git config --get commit.template
> git config --get commit.template
> git config --local branch.master.github-pr-owner-number
> git ls-files --stage -- /home/cammy/dotfiles/.vimrc
> git cat-file -s 46d86fe06209d10b6c01fc6cd3d2f363f81d30cb
> git show --textconv :.vimrc
> git status -z -u
> git symbolic-ref --short HEAD
> git rev-parse master
> git rev-parse --symbolic-full-name master@{u}
> git rev-list --left-right master...refs/remotes/origin/master
> git for-each-ref --sort -committerdate --format %(refname) %(objectname)
> git remote --verbose
> git config --get commit.template
> git pull --tags origin master
warning: Hacer un pull sin especificar cómo reconciliar las ramas es poco
recomendable. Puedes eliminar este mensaje usando uno de los
siguientes comandos antes de tu siguiente pull:

  git config pull.rebase false  # hacer merge (estrategia por defecto)
  git config pull.rebase true   # aplicar rebase
  git config pull.ff only       # aplicar solo fast-forward

Puedes reemplazar "git config" con "git config --global" para aplicar
la preferencia en todos los repositorios. Puedes también pasar --rebase,
--no-rebase, o --ff-only en el comando para sobreescribir la configuración
por defecto en cada invocación.

Desde https://github.com/tamagonocammy/dotfiles
 * branch            master     -> FETCH_HEAD
> git push origin master:master
> git ls-files --stage -- /home/cammy/dotfiles/.vimrc
> git cat-file -s 46d86fe06209d10b6c01fc6cd3d2f363f81d30cb
> git show --textconv :.vimrc
> git config --local branch.master.github-pr-owner-number
To https://github.com/tamagonocammy/dotfiles
   a62b091..70f0332  master -> master
> git status -z -u
> git symbolic-ref --short HEAD
> git rev-parse master
> git rev-parse --symbolic-full-name master@{u}
> git rev-list --left-right master...refs/remotes/origin/master
> git for-each-ref --sort -committerdate --format %(refname) %(objectname)
> git remote --verbose
> git config --get commit.template
> git config --local branch.master.github-pr-owner-number
> git ls-files --stage -- /home/cammy/dotfiles/.vimrc
> git cat-file -s 46d86fe06209d10b6c01fc6cd3d2f363f81d30cb
> git show --textconv :.vimrc
> git status -z -u
> git symbolic-ref --short HEAD
> git rev-parse master
> git rev-parse --symbolic-full-name master@{u}
> git rev-list --left-right master...refs/remotes/origin/master
> git for-each-ref --sort -committerdate --format %(refname) %(objectname)
> git remote --verbose
> git config --get commit.template
> git show --textconv :.tmux.conf
> git ls-files --stage -- /home/cammy/dotfiles/.tmux.conf
> git cat-file -s 465c47a6b77160e405936a90d2808d23f9d17766
> git status -z -u
> git symbolic-ref --short HEAD
> git rev-parse master
> git rev-parse --symbolic-full-name master@{u}
> git rev-list --left-right master...refs/remotes/origin/master
> git for-each-ref --sort -committerdate --format %(refname) %(objectname)
> git remote --verbose
> git config --get commit.template
> git show --textconv :.tmux.conf
> git ls-files --stage -- /home/cammy/dotfiles/.tmux.conf
> git cat-file -s 465c47a6b77160e405936a90d2808d23f9d17766
> git status -z -u
> git symbolic-ref --short HEAD
> git rev-parse master
> git rev-parse --symbolic-full-name master@{u}
> git rev-list --left-right master...refs/remotes/origin/master
> git for-each-ref --sort -committerdate --format %(refname) %(objectname)
> git remote --verbose
> git config --get commit.template
